<?xml version="1.0" encoding="UTF-8"?>
<!-- Generated by org.testng.reporters.JUnitXMLReporter -->
<testsuite hostname="DESKTOP-5N9GV5K" ignored="0" name="Default test" tests="4" failures="0" timestamp="2020-09-24T13:50:20 IST" time="0.087" errors="0">
  <testcase name="HomePageTest" time="0.013" classname="com.testdata.TestNGFeatures"/>
  <testcase name="RegPageTest" time="0.003" classname="com.testdata.TestNGFeatures"/>
  <testcase name="SearchPageTest" time="0.005" classname="com.testdata.TestNGFeatures"/>
  <testcase name="loginTest" time="0.003" classname="com.testdata.TestNGFeatures"/>
</testsuite> <!-- Default test -->
